[   0.000000]Initaling cgou sbsys cpuset
[  0000000] Initializing cgroup subsys cpu
[   .000000] Initializing cgroup subsys cpuacct
[   0.000000] Linux version 4.4.0-203-generic (buildd@lcy01-amd64-027) (gcc version 5.4.0 20160609 (Ubuntu 5.4.0-6ubuntu1~16.04.12) ) #235-Ubuntu SMP Tue Feb 2 02:49:08 UTC 2021 (Ubuntu 4.4.0-203.235-generic 4.4..249)
[   .000000] Command line: BOOT_IMAGE=/boot/vmlinuz-4.4.0-203-generic root=LABEL=cloudimg-rootfs ro console=tty1 console=ttyS0
[   0.000] KERNEL supported cpus:
[    00000]   Intel enineIntel
[    000000]   AMD AuthenticAMD
[   0.00000]  Centaur CentaurHauls
[   0.0000 x86/fu:stat_offset[2]:  576, xstate_sizes[2]:  256
[  0.00000] x86/fpu: Supporting XSAVE feature 0x01: 'x87 floating point registers'
[  0.000000] x86/fpu:Suporting XSAVE feature 0x02: 'SSE registers'
[   0.000000] x86/fpu: Supporting XSAVE feature 0x04: 'AVX registers'
[   0.0000] x86/fpu: Enabled xstate features 0x7, context size is 832 bytes, using 'standard' format.
[  0000000 e20: BIOS-provided physical RAM map:
[    0.000000] BIOS-e820: [mem 0x0000000000000000-0x000000000009fbff] usable
[    0.000000] BIOS-e820: [mem 0x000000000009fc00-0x000000000009ffff] reserved
[    0.000000] BIOS-e820: [mem 0x00000000000f0000-0x00000000000fffff] reserved
[    0.000000] BIOS-e820: [mem 0x0000000000100000-0x000000003ffeffff] usable
[    0.000000] BIOS-e820: [mem 0x000000003fff0000-0x000000003fffffff] ACPI data
[    0.000000] BIOS-e820: [mem 0x00000000fec00000-0x00000000fec00fff] reserved
[    0.000000] BIOS-e820: [mem 0x00000000fee00000-0x00000000fee00fff] reserved
[    0.000000] BIOS-e820: [mem 0x00000000fffc0000-0x00000000ffffffff] reserved
[    0.000000] NX (Execute Disable) protection: active
[    0.000000] SMBIOS 2.5 present.
[    0.000000] Hypervisor detected: KVM
[    0.000000] e820: last_pfn = 0x3fff0 max_arch_pfn = 0x400000000
[    0.000000] MTRR: Disabled
[    0.000000] x86/PAT: MTRRs disabled, skipping PAT initialization too.
[    0.000000] CPU MTRRs all blank - virtualized system.
[    0.000000] x86/PAT: Configuration [0-7]: WB  WT  UC- UC  WB  WT  UC- UC  [   0.000000] found SMP MP-table at [mem 0x0009fff0-0x0009ffff] mapped at [ffff88000009fff0]
[  0000000 Saning 1 areas for low memory corruption
[   .00000] RDIK: em0x362dc000-0x37165fff]
[   0.0000] CPI: Early table checksum verification disabled
[   0.0000] ACPI: RSDP 0x00000000000E0000 000024 (v02 VBOX  )
[   0.000000] ACPI: XSDT 0x0000003FFF0030 00003C (v01 VBOX   VBOXXSDT 00000001 ASL  00000061)
[   0.00000 API: FAP 000000003FFF00F0 0000F4 (v04 VBOX   VBOXFACP 00000001 ASL  00000061)
[   .00000] ACPI: DSDT 0x000000003FFF0470 0021FF (v02 VBOX   VBOXBIOS 00000002 INTL 20100528)
[   0.000000] ACPI: FACS 0x000000003FFF0200 000040
[    0.000000] ACPI: FACS 0x000000003FFF0200 000040
[    0.00000] ACPI: APIC 0x000000003FFF0240 00005C (v02 VBOX   VBOXAPIC 00000001 ASL  00000061)
[    00000] ACPI:SSDT 0x00000003FFF02A0 0001CC (v01 VBOX   VBOXCPUT 00000002 INT 2010028
[   0.00000] No NUMA configuration found
[   0.0000] Faking a node at [mem 0x00000000000000-0x000000003ffeffff]
[  0.00000] NODE_DATA(0) allocated [mem 0x3ffeb000-0x3ffeffff]
[    0.000000] kvm-clock: Using msrs 4b564d01 and 4b564d00
[    0.000000] kvm-clock: cpu 0, msr 0:3ffe3001, primary cpu clock
[    0.000000] kvm-clock: using sched offset of 3462570368 cycles
[    0.000000] clocksource: kvm-clock: mask: 0xffffffffffffffff max_cycles: 0x1cd42e4dffb, max_idle_ns: 881590591483 ns
[  0.00000]one ranges:
[    0000000]   DMA      [mem 0x0000000000001000-0x0000000000ffffff]
[   .00000]   DMA32    [mem 0x0000000001000000-0x000000003ffeffff]
[   0.000000]   Normal   empty
[   0.000]   Devie  empty
[    0.000000] Movable zone start for each node
[    00000] Earl mmory node ranges
[   0.0000]  node  0: [mem 0000000000100-0x000000000009efff]
[    000000]   node   0: [mem 0x0000000000100000-0x000000003ffeffff]
[   0.000] Inime setup node 0 [mem 0x0000000000001000-0x000000003ffeffff]
[   0.0000] CPI: PM-Timer IO Port: 0x4008
[    0.000000] IOAPIC[0]: apic_id 2, version 32, address 0xfec00000, GSI 0-23
[    0.000000] ACPI: INT_SRC_OVR (bus 0 bus_irq 0 global_irq 2 dfl dfl)
[    0.000000] ACPI: INT_SRC_OVR (bus 0 bus_irq 9 global_irq 9 low level)
[  0.000000] Using ACPI (MADT) for SMP configurtion ifomaion
[  0.000000] smpboot: Allowing 2 CPUs, 0 hotplug CPUs
[   0.000000] PM: Registered nosave memory: [mem 0x00000000-0x00000fff]
[  0000000] PM: Registered nosave memory: [mem 0x0009f000-0x0009ffff]
[   .00000] M:Reisterenoave memy:[mm 0x000000-0x000effff]
[    0.000000] PM: Registered nosave memory: [mem 0x000f0000-0x000fffff]
[   0.0000] e80:[mm 0x00000-0xfebffff] available for PCI devices
[   0.00000] Btig paavtualizd erel on M
[   .00000] ocsource: refined-jiies: mask: 0xfffffff x_cycles: fffffff, max_idle_ns: 7645519600211568 ns
[    0.000] setp_rcpu: _CUS:52 r_pumaskbis:12 nr_cpu_is: n_node_id1
[   000000]ERPU: Embde 33 paescp @fff800fc0000 s95640 r8192  d31336 u1048576
[   .00000] uit  zoneltsin Ne rder, oblity grouping on.  Total pages: 25792
[    0.000000] Policy zone: DMA32
[    0.000000] Kernel command line: BOOT_IMAGE=/boot/vmlinuz-4.4.0-203-generic root=LBE=coudig-rootfs ro console=tty1 console=ttyS0
[   .000000PI hash table entries: 4096 (order: 3, 32768 bytes)
[   .00000] emy: 99752K/1048120K available (8641K kernel code, 1337K rwdata, 4044K rodata, 1496K init, 1296K bss, 50468K reserved, 0K cma-reserved)
[   .000000] SLUB: HWalign=64, Order=0-3, MinObjects=0, CPUs=2, Nodes=1
[    0.0000] Kerl/ser pae abes isoatn: enale
[   0.000000] Hierarchical RCU implementation.
[   0.000000] 	Build-time adjustment of leaf fanout to 64.
[   .00000] RC restrctngCPUs fomNRCPUS=512 to nr_cpu_ids=2.
[   0.000000] RCU: Adjusting geometry for rcu_fanout_leaf=64, nr_cpu_ids=2
[  0.00000NR_IRQS:33024 nr_irqs:440 16
[   .000000] Console: colour VGA+ 80x25
[   0.000000] console [tty1] enabled
[   .00000] console [ttyS0] enabled
[    0.000000] tsc: Detected 2495.996 MHz processor
[    6.238384] Calibrating delay loop (skipped) preset value.. 4991.99 BogoMIPS (lpj=9983984)
[    6.242108] pid_max: default: 32768 minimum: 301
[    6.262285] ACPI: Core revision 20150930
[    6.283772] ACPI: 2 ACPI AML tables successfully acquired and loaded
[    6.436875] Security Framework initialized
[    6.453988] Yama: becoming mindful.
[    6.457732] AppArmor: AppArmor initialized
[    6.544311] Dentry cache hash table entries: 131072 (order: 8, 1048576 bytes)
[    6.580182] Inode-cache hash table entries: 65536 (order: 7, 524288 bytes)
[    6.737029] Mount-cache hash table entries: 2048 (order: 2, 16384 bytes)
[    6.885344] Mountpoint-cache hash table entries: 2048 (order: 2, 16384 bytes)
[    6.945979] Initializing cgroup subsys io
[    6.963767] Initializing cgroup subsys memory
[    6.964921] Initializing cgroup subsys devices
[    6.966026] Initializing cgroup subsys freezer
[    6.967127] Initializing cgroup subsys net_cls
[    6.968260] Initializing cgroup subsys perf_event
[    6.969468] Initializing cgroup subsys net_prio
[    6.970621] Initializing cgroup subsys hugetlb
[    6.971723] Initializing cgroup subsys pids
[    6.973890] mce: CPU supports 0 MCE banks
[    7.050177] Last level iTLB entries: 4KB 128, 2MB 8, 4MB 8
[    7.161490] Last level dTLB entries: 4KB 64, 2MB 0, 4MB 0, 1GB 4
[    7.220589] Spectre V1 : Mitigation: usercopy/swapgs barriers and __user pointer sanitization
[    7.222749] Spectre V2 : Mitigation: Full generic retpoline
[    7.224081] Spectre V2 : Spectre v2 / SpectreRSB mitigation: Filling RSB on context switch
[    7.226178] Speculative Store Bypass: Vulnerable
[    7.227435] SRBDS: Unknown: Dependent on hypervisor status
[    7.228821] MDS: Vulnerable: Clear CPU buffers attempted, no microcode
[    7.233033] Freeing SMP alternatives memory: 36K
[    7.240023] ftrace: allocating 32366 entries in 127 pages
[    7.305085] smpboot: APIC(0) Converting physical 0 to logical package 0
[    7.361861] smpboot: Max logical packages: 1
[    7.366165] x2apic enabled
[    7.367439] Switched APIC routing to physical x2apic.
[    7.370515] ..TIMER: vector=0x30 apic1=0 pin1=2 apic2=-1 pin2=-1
[    7.587758] smpboot: CPU0: Intel(R) Core(TM) i5-7300HQ CPU @ 2.50GHz (family: 0x6, model: 0x9e, stepping: 0x9)
[    7.728521] Performance Events: unsupported p6 CPU model 158 no PMU driver, software events only.
[    7.779001] KVM setup paravirtual spinlock
[    7.798276] x86: Booting SMP configuration:
[    7.799358] .... node  #0, CPUs:      #1
[    7.800518] kvm-clock: cpu 1, msr 0:3ffe3041, secondary cpu clock
[    7.802615] mce: CPU supports 0 MCE banks
[    7.805229] x86: Booted up 1 node, 2 CPUs
[    7.806720] smpboot: Total of 2 processors activated (9983.98 BogoMIPS)
[    7.891588] devtmpfs: initialized
[    7.894826] evm: security.selinux
[    7.932931] evm: security.SMACK64
[    7.956429] evm: security.SMACK64EXEC
[    7.973125] evm: security.SMACK64TRANSMUTE
[    7.974331] evm: security.SMACK64MMAP
[    7.988988] evm: security.ima
[    8.025792] evm: security.capability
[    8.065053] clocksource: jiffies: mask: 0xffffffff max_cycles: 0xffffffff, max_idle_ns: 7645041785100000 ns
[    8.072269] futex hash table entries: 512 (order: 3, 32768 bytes)
[    8.073839] pinctrl core: initialized pinctrl subsystem
[    8.075232] RTC time: 13:44:58, date: 03/11/21
[    8.084354] NET: Registered protocol family 16
[    8.096318] cpuidle: using governor ladder
[    8.128511] cpuidle: using governor menu
[    8.163231] PCCT header not found.
[    8.171374] ACPI: bus type PCI registered
[    8.172440] acpiphp: ACPI Hot Plug PCI Controller Driver version: 0.5
[    8.174022] PCI: Using configuration type 1 for base access
[    8.190792] ACPI: Added _OSI(Module Device)
[    8.209716] ACPI: Added _OSI(Processor Device)
[    8.218362] ACPI: Added _OSI(3.0 _SCP Extensions)
[    8.219556] ACPI: Added _OSI(Processor Aggregator Device)
[    8.228071] ACPI: Executed 1 blocks of module-level executable AML code
[    8.232375] ACPI: Interpreter enabled
[    8.270562] ACPI: (supports S0 S5)
[    8.271622] ACPI: Using IOAPIC for interrupt routing
[    8.286958] PCI: Using host bridge windows from ACPI; if necessary, use "pci=nocrs" and report a bug
[    8.308586] ACPI: PCI Root Bridge [PCI0] (domain 0000 [bus 00-ff])
[    8.335682] acpi PNP0A03:00: _OSC: OS supports [ASPM ClockPM Segments MSI]
[    8.360383] acpi PNP0A03:00: _OSC: not requesting OS control; OS requires [ExtendedConfig ASPM ClockPM MSI]
[    8.379305] acpi PNP0A03:00: fail to add MMCONFIG information, can't access extended PCI configuration space under this bridge.
[    8.399618] PCI host bridge to bus 0000:00
[    8.430662] pci_bus 0000:00: root bus resource [io  0x0000-0x0cf7 window]
[    8.442753] pci_bus 0000:00: root bus resource [io  0x0d00-0xffff window]
[    8.446249] pci_bus 0000:00: root bus resource [mem 0x000a0000-0x000bffff window]
[    8.448238] pci_bus 0000:00: root bus resource [mem 0x40000000-0xfdffffff window]
[    8.486495] pci_bus 0000:00: root bus resource [bus 00-ff]
[    8.549636] pci 0000:00:01.1: legacy IDE quirk: reg 0x10: [io  0x01f0-0x01f7]
[    8.566268] pci 0000:00:01.1: legacy IDE quirk: reg 0x14: [io  0x03f6]
[    8.568052] pci 0000:00:01.1: legacy IDE quirk: reg 0x18: [io  0x0170-0x0177]
[    8.619401] pci 0000:00:01.1: legacy IDE quirk: reg 0x1c: [io  0x0376]
[    8.663884] pci 0000:00:07.0: quirk: [io  0x4000-0x403f] claimed by PIIX4 ACPI
[    8.672028] pci 0000:00:07.0: quirk: [io  0x4100-0x410f] claimed by PIIX4 SMB
[    8.693631] ACPI: PCI Interrupt Link [LNKA] (IRQs 5 9 10 *11)
[    8.713389] ACPI: PCI Interrupt Link [LNKB] (IRQs 5 9 *10 11)
[    8.754695] ACPI: PCI Interrupt Link [LNKC] (IRQs 5 *9 10 11)
[    8.775982] ACPI: PCI Interrupt Link [LNKD] (IRQs 5 9 10 *11)
[    8.849232] ACPI: Enabled 2 GPEs in block 00 to 07
[    8.884953] vgaarb: setting as boot device: PCI:0000:00:02.0
[    8.983972] vgaarb: device added: PCI:0000:00:02.0,decodes=io+mem,owns=io+mem,locks=none
[    9.094441] vgaarb: loaded
[    9.112688] vgaarb: bridge control possible 0000:00:02.0
[    9.165253] SCSI subsystem initialized
[    9.212223] ACPI: bus type USB registered
[    9.225280] usbcore: registered new interface driver usbfs
[    9.226569] usbcore: registered new interface driver hub
[    9.227897] usbcore: registered new device driver usb
[    9.229491] PCI: Using ACPI for IRQ routing
[    9.274236] NetLabel: Initializing
[    9.305919] NetLabel:  domain hash size = 128
[    9.360557] NetLabel:  protocols = UNLABELED CIPSOv4
[    9.444975] NetLabel:  unlabeled traffic allowed by default
[    9.473957] amd_nb: Cannot enumerate AMD northbridges
[    9.475369] clocksource: Switched to clocksource kvm-clock
[   9.4986 AAror ApAorFiesystem Enabled
[   9.845066] pnp: PnP ACPI init
[   .8267] pnp: PnP ACPI: found 3 devices

[   .958] clocksource:cp_pm: mask: 0xffffff max_cycles: 0xffffff, max_idle_ns: 2085701024 ns
[ 1019137] NET: Registered protoc fmiy 2

[   104067] TCP established hash table enties: 8192 (order4, 65536 bytes)
[  1.6785]TCP bind hash table entries: 8192 (order: 5, 131072 bytes)
[  1.752] CP Hsh tables configured (established 8192 bind 8192)
[ 109518 UDP hash table entries: 512 (order: 2, 16384 bytes)
[  1.115512] UDP-Lite hash table entries: 512 (order: 2, 16384 bytes)
[  1.179] NET: Registered protocol family 1
[  11.299507pci 0000:00:00.0: Limiting direct PCI/PCI transfers
[ 11.382156] pci 0000:00:01.0: Activating ISA DMA hang workarounds
[  11.4346] Unpacking initramfs...

[   11.812225] Freeing initrd memory: 14888K
[   11.855597] clocksource: tsc: mask: 0xffffffffffffffff max_cycles: 0x23fa73621d8, max_idle_ns: 440795297715 ns
[   11.927444] platform rtc_cmos: registered platform RTC device (no PNP device found)
[   1.972561] Scanning for low memory corruption every 60 seconds

[   12.004810] audit: initializing netlink subsys (disabled)
[   12.047188] audit: type=2000 audit(1615470298.823:1): initialized
[   12.050350] Initialise system trusted keyring
[   12.065889] HugeTLB registered 2 MB page size, pre-allocated 0 pages
[   12.090342] zbud: loaded
[   12.112911] VFS: Disk quotas dquot_6.6.0
[   1211888 VS: Dquot-cache hash table entries: 512 (order 0, 4096 bytes)

[   12.240500] squashfs: version 4.0 (2009/01/31) Phillip Lougher
[   12.242314] fuse init (API version 7.23)
[   12.243609] Key type big_key registered
[   12.244661] Allocating IMA MOK and blacklist keyrings.
[   12.248571] Key type asymmetric registered
[   12.249762] Asymmetric key parser 'x509' registered
[   12.319733] Block layer SCSI generic (bsg) driver version 0.4 loaded (major 249)
[   12.321773] io scheduler noop registered
[   12.322831] io scheduler deadline registered (default)
[   12.324177] io scheduler cfq registered
[   12.325383] pci_hotplug: PCI Hot Plug PCI Core version: 0.5
[   12.382066] pciehp: PCI Express Hot Plug Controller Driver version: 0.4
[   12.394016] ACPI: AC Adapter [AC] (on-line)
[   12.422436] input: Power Button as /devices/LNXSYSTM:00/LNXPWRBN:00/input/input0
[   12.436240] ACPI: Power Button [PWRF]
[   12.437582] input: Sleep Button as /devices/LNXSYSTM:00/LNXSLPBN:00/input/input1
[   12.493937] ACPI: Sleep Button [SLPF]
[   12.495233] GHES: HEST is not enabled!
[   12.521218] Serial: 8250/16550 driver, 32 ports, IRQ sharing enabled
[   12.557939] 00:02: ttyS0 at I/O 0x3f8 (irq = 4, base_baud = 115200) is a 16550A
[  1.632284] Linux agpgart interface v0.103

[   12.688375] loop: module loaded
[   12.690248] scsi host0: ata_piix
[   12.691346] scsi host1: ata_piix
[   12.692332] ata1: PATA max UDMA/33 cmd 0x1f0 ctl 0x3f6 bmdma 0xd000 irq 14
[   12.694215] ata2: PATA max UDMA/33 cmd 0x170 ctl 0x376 bmdma 0xd008 irq 15
[   12.695992] libphy: Fixed MDIO Bus: probed
[   12.697128] tun: Universal TUN/TAP device driver, 1.6
[   12.698438] tun: (C) 1999-2004 Max Krasnyansky <maxk@qualcomm.com>
[   12.702125] PPP generic driver version 2.4.2
[   12.705324] ehci_hcd: USB 2.0 'Enhanced' Host Controller (EHCI) Driver
[   12.715324] ehci-pci: EHCI PCI platform driver
[   12.724700] ehci-platform: EHCI generic platform driver
[   12.734170] ohci_hcd: USB 1.1 'Open' Host Controller (OHCI) Driver
[   12.752123] ohci-pci: OHCI PCI platform driver
[   12.753387] ohci-platform: OHCI generic platform driver
[   12.776705] uhci_hcd: USB Universal Host Controller Interface driver
[   12.778247] i8042: PNP: PS/2 Controller [PNP0303:PS2K,PNP0f03:PS2M] at 0x60,0x64 irq 1,12
[  1.78118] erio: i8042 KBD port at 0x60,0x64 irq 1
[   13.000667] serio: i8042 AUX port at 0x60,0x64 irq 12
[   13.013415] mousedev: PS/2 mouse device common for all mice
[   13.134085] input: AT Translated Set 2 keyboard as /devices/platform/i8042/serio0/input/input2
[   13.208842] rtc_cmos rtc_cmos: rtc core: registered rtc_cmos as rtc0
[   13.262563] rtc_cmos rtc_cmos: alarms up to one day, 114 bytes nvram
[   13.267017] i2c /dev entries driver
[   1.205] evcemapr:uevent vrsion 1.0.3

[   13.586868] device-mapper: ioctl: 4.34.0-ioctl (2015-10-28) initialised: dm-devel@redhat.com
[   13.678169] ledtrig-cpu: registered to indicate activity on CPUs
[   13.727838] NET: Registered protocol family 10
[   13.751913] NET: Registered protocol family 17
[   13.754455] Key type dns_resolver registered
[   13.757850] registered taskstats version 1
[   13.766711] Loading compiled-in X.509 certificates
[   13.780123] Loaded X.509 cert 'Build time autogenerated kernel key: c0f1dd89d7e09a1955be4fde7c6f946674683c10'
[   13.830813] zswap: loaded using pool lzo/zbud
[   13.835541] Key type trusted registered
[   13.841520] Key type encrypted registered
[   13.849071] AppArmor: AppArmor sha1 policy hashing enabled
[   13.928978] ima: No TPM chip found, activating TPM-bypass!
[   13.949497] ima: Allocated hash algorithm: sha1
[   13.990485] evm: HMAC attrs: 0x1
[   14.013066]   Magic number: 13:868:735
[   14.014287] rtc_cmos rtc_cmos: setting system clock to 2021-03-11 13:45:04 UTC (1615470304)
[   14.031318] BIOS EDD facility v0.16 2004-Jun-25, 0 devices found
[   14.033019] EDD information not available.
[   14.041588] Freeing unused kernel memory: 1496K
[   14.054078] Write protecting the kernel read-only data: 14336k
[   14.059830] Freeing unused kernel memory: 1588K
[   14.063041] Freeing unused kernel memory: 52K
Loading, please wait...
starting version[   14.088433] random: systemd-udevd: uninitialized urandom read (16 bytes read, 7 bits of entropy available)
 229
[   14.089060] random: udevadm: uninitialized urandom read (16 bytes read, 7 bits of entropy available)
[   14.089076] random: udevadm: uninitialized urandom read (16 bytes read, 7 bits of entropy available)
[   14.097635] random: udevadm: uninitialized urandom read (16 bytes read, 7 bits of entropy available)
[   14.097673] random: udevadm: uninitialized urandom read (16 bytes read, 7 bits of entropy available)
[   14.097867] random: udevadm: uninitialized urandom read (16 bytes read, 7 bits of entropy available)
[   14.097918] random: udevadm: uninitialized urandom read (16 bytes read, 7 bits of entropy available)
[   14.097970] random: udevadm: uninitialized urandom read (16 bytes read, 7 bits of entropy available)
[   14.098020] random: udevadm: uninitialized urandom read (16 bytes read, 7 bits of entropy available)
[   14.098068] random: udevadm: uninitialized urandom read (16 bytes read, 7 bits of entropy available)
[   14.705987] Fusion MPT base driver 3.04.20
[   14.718465] Copyright (c) 1999-2008 LSI Corporation
[   14.740918] e1000: Intel(R) PRO/1000 Network Driver - version 7.3.21-k8-NAPI
[   14.821141] e1000: Copyright (c) 1999-2006 Intel Corporation.
[   14.845571] Fusion MPT SPI Host driver 3.04.20
[   14.862006] mptbase: ioc0: Initiating bringup
[   14.869299] AVX2 version of gcm_enc/dec engaged.
[   14.887150] AES CTR mode by8 optimization enabled
[   14.927402] ioc0: LSI53C1030 A0: Capabilities={Initiator}
[   15.414425] input: ImExPS/2 Generic Explorer Mouse as /devices/platform/i8042/serio1/input/input4
[   15.949430] scsi host2: ioc0: LSI53C1030 A0, FwRev=00000000h, Ports=1, MaxQ=256, IRQ=20
[   16.541009] scsi 2:0:0:0: Direct-Access     VBOX     HARDDISK         1.0  PQ: 0 ANSI: 5
[   16.573605] scsi target2:0:0: Beginning Domain Validation
[   16.588387] scsi target2:0:0: Domain Validation skipping write tests
[   16.610071] scsi target2:0:0: Ending Domain Validation
[   16.619390] scsi target2:0:0: asynchronous
[   16.635836] scsi 2:0:1:0: Direct-Access     VBOX     HARDDISK         1.0  PQ: 0 ANSI: 5
[   16.646249] scsi target2:0:1: Beginning Domain Validation
[   16.659091] scsi target2:0:1: Domain Validation skipping write tests
[   16.668539] scsi target2:0:1: Ending Domain Validation
[   16.681931] scsi target2:0:1: asynchronous
[   16.703889] sd 2:0:0:0: Attached scsi generic sg0 type 0
[   16.724052] sd 2:0:0:0: [sda] 83886080 512-byte logical blocks: (42.9 GB/40.0 GiB)
[   16.757774] sd 2:0:1:0: Attached scsi generic sg1 type 0
[   16.758955] sd 2:0:1:0: [sdb] 20480 512-byte logical blocks: (10.5 MB/10.0 MiB)
[   16.759245] sd 2:0:1:0: [sdb] Write Protect is off
[   16.759448] sd 2:0:1:0: [sdb] Incomplete mode parameter data
[   16.759450] sd 2:0:1:0: [sdb] Assuming drive cache: write through
[   16.786477] sd 2:0:0:0: [sda] Write Protect is off
[   16.793582] sd 2:0:0:0: [sda] Incomplete mode parameter data
[   16.795236] sd 2:0:0:0: [sda] Assuming drive cache: write through
[   16.800167]  sda: sda1
[   16.807496] sd 2:0:1:0: [sdb] Attached SCSI disk
[   16.809392] sd 2:0:0:0: [sda] Attached SCSI disk
[   16.937622] e1000 0000:00:03.0 eth0: (PCI:33MHz:32-bit) 02:49:cb:75:7f:af
[   16.982115] e1000 0000:00:03.0 eth0: Intel(R) PRO/1000 Network Connection
[   17.004004] e1000 0000:00:03.0 enp0s3: renamed from eth0
Begin: Loading e[   18.492267] md: linear personality registered for level -1
ssential drivers[   18.539360] md: multipath personality registered for level -4
 ... [   18.592036] md: raid0 personality registered for level 0
[   18.600285] md: raid1 personality registered for level 1
[   18.672205] raid6: sse2x1   gen() 11941 MB/s
[   18.755964] raid6: sse2x1   xor()  8281 MB/s
[   18.824237] raid6: sse2x2   gen() 14448 MB/s
[   18.908180] raid6: sse2x2   xor()  9818 MB/s
[   19.032162] raid6: sse2x4   gen() 16142 MB/s
[   19.139460] raid6: sse2x4   xor()  9895 MB/s
[   19.207812] raid6: avx2x1   gen() 20525 MB/s
[   19.291748] raid6: avx2x2   gen() 25834 MB/s
[   19.419598] raid6: avx2x4   gen() 28547 MB/s
[   19.488433] raid6: using algorithm avx2x4 gen() 28547 MB/s
[   19.549122] raid6: using avx2x2 recovery algorithm
[   19.594029] xor: automatically using best checksumming function:
[   19.655415]    avx       : 22999.000 MB/sec
[   19.664831] async_tx: api initialized (async)
[   19.682154] md: raid6 personality registered for level 6
[   19.695155] md: raid5 personality registered for level 5
[   19.740805] md: raid4 personality registered for level 4
[   19.781464] md: raid10 personality registered for level 10
done.
Begin: Running /scripts/init-premount ... done.
Begin: Mounting root file system ... Begin: Running /scripts/local-top ... do[   19.821832] Btrfs loaded
ne.
Begin: Running /scripts/local-premount ... Scanning for Btrfs filesystems
done.
Warning: fsck not present, so sk[   19.882263] EXT4-fs (sda1): mounted filesystem with ordered data mode. Opts: (null)
ipping root file system
done.
Begin: Running /scripts/local-bottom ... done.
Begin: Running /scripts/init-bottom ... done.
[   20.024513] systemd[1]: systemd 229 running in system mode. (+PAM +AUDIT +SELINUX +IMA +APPARMOR +SMACK +SYSVINIT +UTMP +LIBCRYPTSETUP +GCRYPT +GNUTLS +ACL +XZ -LZ4 +SECCOMP +BLKID +ELFUTILS +KMOD -IDN)
[   20.067826] systemd[1]: Detected virtualization oracle.
[   20.085202] systemd[1]: Detected architecture x86-64.

Welcome to [1mUbuntu 16.04.7 LTS[0m!

[   20.090839] systemd[1]: Set hostname to <ubuntu>.
[   20.114347] systemd[1]: Initializing machine ID from random generator.
[   20.127380] systemd[1]: Installed transient /etc/machine-id file.
[   20.306209] systemd[1]: stening on Journal Socket (/dev/log).
[[0;32m  OK  [0m] Listening on Journal Socket (/dev/log).
[   20.531]syem[1 Listening on udev Kernel Socke
[[0;32m  OK  [0m] Listening on udev Kernel Socket.
[   20910244] systemd[1]: Listening on udev Control Socket.
[[0;32m  OK  [0m] Listening on udev Control Socket.
[   20.991187] systemd[1]: Started Forward Password Requests to Wall Directory Watch.
[[0;32m  OK  [0m] Started Forward Password Requests to Wall Directory Watch.
[   21.160525] std[1]: Reached target Swap.
[[0;32m  OK  [0m] Reached target Swap.
[   21.531788] systemd[1]: Reached target User and Group Name Lookups.
[[0;32m  OK  [0m] Reached target User and Group Name Lookups.
[   21563]ysmd[1]: Startd Trgger resolvconf update for networkd DNS.
[[0;32m  OK  [0m] Started Trigger resolvconf update for networkd DNS.
[  22.60029]systemd[1 Lstening on LVM2 metadata daemon socket.
[[0;32m  OK  [0m] Listening on LVM2 metadata daemon socket.
[   22.964606] systemd[: acedart cryedoles

[[0;32m  OK  [0m] Reached target Encrypted Volumes.
[ 23536545] systemd[1]: Reached targetysemTie Snchronized.
[[0;32m  OK  [0m] Reached target System Time Synchronized.
[  23.3654 sstemd[1]: Listening on Device-mappe een daemon FIFOs.
[[0;32m  OK  [0m] Listening on Device-mapper event daemon FIFOs.
[  24.98252] stmd[1]: Listening on Journal Socket.
[[0;32m  OK  [0m] Listening on Journal Socket.
[  21621] ysemd[1] Created slice System Slice.
[[0;32m  OK  [0m] Created slice System Slice.
[   25.452672] systemd[1]: Mounting Huge Pages File System...
         Mounting Huge Pages File System...
[   25.564208] systemd[1]: Starting Monitoring of LVM2 mirrors, snapshots etc. using dmeventd or progress polling...
         Starting Monitoring of LVM2 mirrors... dmeventd or progress polling...
[   25.617123] systemd[1]: Created slice system-serial\x2dgetty.slice.
[[0;32m  OK  [0m] Created slice system-serial\x2dgetty.slice.[   25.620290] random: nonblocking pool is initialized

[   25.672499] systemd[1]: Starting Nameserver information manager...
         Starting Nameserver information manager...
[   25.6961] stemd[1]: Litein on Journal Audit Socket.

[[0;32m  OK  [0m] Listening on Journal Audit Socket.
[   25.951819] systemd[1]: Starting Create list of required static device nodes for the current kernel...
         Starting Create list of required st... nodes for the current kernel...
[   26.10899]ysmd[1]: Listengon L2 ol demn ocket.

[[0;32m  OK  [0m] Listening on LVM2 poll daemon socket.
[   26.615908] systemd[1]: Starting Set console keymap...
         Starting Set console keymap...
[   26.622965] systemd[1]: Listening on Syslog Socket.
[[0;32m  OK  [0m] Listening on Syslog Socket.
[   26.680391] systemd[1]: Starting Journal Service...
         Starting Journal Service...
[   26.684118] systemd[1]: Mounting POSIX Message Queue File System...
         Mounting POSIX Message Queue File System...
[   26.690160] systemd[1]: Created slice User and Session Slice.
[[0;32m  OK  [0m] Created slice User and Session Slice.
[   26.760170] systemd[1]: Reached target Slices.
[[0;32m  OK  [0m] Reached target Slices.
[   26.789495] systemd[1]: Ltein on /devintcl mpatbity Named Pipe.
[[0;32m  OK  [0m] Listening on /dev/initctl Compatibility Named Pipe.
[   27.583589] systemd[1]: Starting Remount Root and Kernel File Systems...
         [   27.676672] EXT4-fs (sda1): re-mounted. Opts: (null)
Starting Remount Root and Kernel File Systems...
[   27.796485] systemd[1]: Starting Load Kernel Modules...
         Starting Load Ke[   27.826320] Loading iSCSI transport class v2.0-870.
rnel Modules...
[   27.885277] systemd[1]: Starting Uncomplicated firewall...
[   27.945421] iscsi: registered transport (tcp)
         Starting Uncomplicated firewall...
[   27.979512] systemd[1]: Mounting Debug File System...
         [   28.084051] iscsi: registered transport (iser)
Mounting Debug File System...
[   28.117406] systemd[1]: Set up automount Arbitrary Executable File Formats File System Automount Point.
[[0;32m  OK  [0m] Set up automount Arbitrary Executab...ats File System Automount Point.
[   28.553211] systemd[1]: Mounted Huge Pages File System.
[[0;32m  OK  [0m] Mounted Huge Pages File System.
[   28.636259] systemd[1]: Mounted Debug File System.
[[0;32m  OK  [0m] Mounted Debug File System.
[  2804566]syem[1]: Mounted POSX esgeQueuFile Sysem
[[0;32m  OK  [0m] Mounted POSIX Message Queue File System.
[  2.2670]syted[]: Started Journal Service.

[[0;32m  OK  [0m] Started Journal Service.
[[0;32m  OK  [0m] Started Create list of required sta...ce nodes for the current kernel.
[[0;32m  OK  [0m] Started Set console keymap.
[[0;32m  OK  [0m] Started Remount Root and Kernel File Systems.
[[0;32m  OK  [0m] Started Load Kernel Modules.
[[0;32m  OK  [0m] Started Uncomplicated firewall.
[[0;32m  OK  [0m] Started Nameserver information manager.
[[0;32m  OK  [0m] Started LVM2 metadata daemon.
         Starting Apply Kernel Variables...
         Mounting FUSE Control File System...
         Starting Load/Save Random Seed...
         Starting udev Coldplug all Devices...
         Starting Create Static Device Nodes in /dev...
         Starting Flush Journal to Persistent Storage...
[[0;32m  OK  [0m] Mounted FUSE Control File System.
[[0;32m  OK  [0m] Started Apply Kernel Variables.
[[0;32m  OK  [0m] Started Load/Save Random Seed.
[[0;32m  OK  [0m] Started Create Static Device Nodes in /dev.
         Starting udev Kernel Device Manager...
[[0;32m  OK  [0m] Started Flush Journal to Persistent Storage.
[[0;32m  OK  [0m] Started udev Kernel Device Manager.
[[0;32m  OK  [0m] Started udev Coldplug all Devices.
[[0;32m  OK  [0m] Started Dispatch Password Requests to Console Directory Watch.
[[0;32m  OK  [0m] Started Monitoring of LVM2 mirrors,...ng dmeventd or progress polling.
[[0;32m  OK  [0m] Reached target Local File Systems (Pre).
[[0;32m  OK  [0m] Reached target Local File Systems.
         Starting Commit a transient machine-id on disk...
         Starting Create Volatile Files and Directories...
         Starting Tell Plymouth To Write Out Runtime Data...
         Starting LSB: AppArmor initialization...
         Starting Set console font and keymap...
         Starting Initial cloud-init job (pre-networking)...
[[0;32m  OK  [0m] Started Commit a transient machine-id on disk.
[[0;32m  OK  [0m] Started Create Volatile Files and Directories.
[[0;32m  OK  [0m] Started Tell Plymouth To Write Out Runtime Data.
[[0;32m  OK  [0m] Found device /dev/ttyS0.
[[0;32m  OK  [0m] Listening on Load/Save RF Kill Switch Status /dev/rfkill Watch.
         Starting Update UTMP about System Boot/Shutdown...
[[0;32m  OK  [0m] Started Update UTMP about System Boot/Shutdown.
[[0;32m  OK  [0m] Started Set console font and keymap.
[[0;32m  OK  [0m] Created slice system-getty.slice.
[   23.418646] cloud-init[645]: Cloud-init v. 20.4.1-0ubuntu1~16.04.1 running 'init-local' at Thu, 11 Mar 2021 13:45:22 +0000. Up 22.92 seconds.
[[0;32m  OK  [0m] Started Initial cloud-init job (pre-networking).
[[0;32m  OK  [0m] Reached target Network (Pre).
[[0;32m  OK  [0m] Started LSB: AppArmor initialization.
         Starting Load AppArmor profiles managed internally by snapd...
         Starting Raise network interfaces...
[[0;32m  OK  [0m] Started Load AppArmor profiles managed internally by snapd.
[[0;32m  OK  [0m] Started Raise network interfaces.
[[0;32m  OK  [0m] Reached target Network.
         Starting Initial cloud-init job (metadata service crawler)...
[   25.580940] cloud-init[948]: Cloud-init v. 20.4.1-0ubuntu1~16.04.1 running 'init' at Thu, 11 Mar 2021 13:45:24 +0000. Up 24.99 seconds.
[   25.596623] cloud-init[948]: ci-info: ++++++++++++++++++++++++++++++++++++++Net device info++++++++++++++++++++++++++++++++++++++
[   25.629320] cloud-init[948]: ci-info: +--------+------+----------------------------+---------------+--------+-------------------+
[   25.640820] cloud-init[948]: ci-info: | Device |  Up  |          Address           |      Mask     | Scope  |     Hw-Address    |
[   25.641160] cloud-init[948]: ci-info: +--------+------+----------------------------+---------------+--------+-------------------+
[   25.641497] cloud-init[948]: ci-info: | enp0s3 | True |         10.0.2.15          | 255.255.255.0 | global | 02:49:cb:75:7f:af |
[   25.641831] cloud-init[948]: ci-info: | enp0s3 | True | fe80::49:cbff:fe75:7faf/64 |       .       |  link  | 02:49:cb:75:7f:af |
[   25.642156] cloud-init[948]: ci-info: |   lo   | True |         127.0.0.1          |   255.0.0.0   |  host  |         .         |
[   25.642485] cloud-init[948]: ci-info: |   lo   | True |          ::1/128           |       .       |  host  |         .         |
[   25.643294] cloud-init[948]: ci-info: +--------+------+----------------------------+---------------+--------+-------------------+
[   25.643726] cloud-init[948]: ci-info: +++++++++++++++++++++++++++Route IPv4 info++++++++++++++++++++++++++++
[   25.644196] cloud-init[948]: ci-info: +-------+-------------+----------+---------------+-----------+-------+
[   25.644423] cloud-init[948]: ci-info: | Route | Destination | Gateway  |    Genmask    | Interface | Flags |
[   25.644666] cloud-init[948]: ci-info: +-------+-------------+----------+---------------+-----------+-------+
[   25.644862] cloud-init[948]: ci-info: |   0   |   0.0.0.0   | 10.0.2.2 |    0.0.0.0    |   enp0s3  |   UG  |
[   25.645080] cloud-init[948]: ci-info: |   1   |   10.0.2.0  | 0.0.0.0  | 255.255.255.0 |   enp0s3  |   U   |
[[0;32m  OK  [0m] Started Initial cloud-init job (metadata service crawler).
[[   25.645183] cloud-init[948]: ci-info: +-------+-------------+----------+---------------+-----------+-------+
[   25.747115] cloud-init[948]: ci-info: +++++++++++++++++++Route IPv6 info+++++++++++++++++++
[   25.747320] cloud-init[948]: ci-info: +-------+-------------+---------+-----------+-------+
[   25.747502] cloud-init[948]: ci-info: | Route | Destination | Gateway | Interface | Flags |
[   25.747694] cloud-init[948]: ci-info: +-------+-------------+---------+-----------+-------+
[   25.747897] cloud-init[948]: ci-info: |   0   |  fe80::/64  |    ::   |   enp0s3  |   U   |
[   25.748296] cloud-init[948]: ci-info: |   3   |   ff00::/8  |    ::   |   enp0s3  |   U   |
[   25.748468] cloud-init[948]: ci-info: +-------+-------------+---------+-----------+-------+
[   25.748679] cloud-init[948]: Generating public/private rsa key pair.
[   25.748867] cloud-init[948]: Your identification has been saved in /etc/ssh/ssh_host_rsa_key.
[   25.749070] cloud-init[948]: Your public key has been saved in /etc/ssh/ssh_host_rsa_key.pub.
[   25.749305] cloud-init[948]: The key fingerprint is:
[   25.749491] cloud-init[948]: SHA256:YBi8VL9E0CsUWk1N5k4OOUwuFXMR1w6reTjiVlJzS2Q root@ubuntu-xenial
[   25.749681] cloud-init[948]: The key's randomart image is:
[   25.749873] cloud-init[948]: +---[RSA 2048]----+
[   25.750064] cloud-init[948]: |   ...=*B+*o..   |
[   25.750269] cloud-init[948]: |    o=.Bo*..E .  |
[   25.750453] cloud-init[948]: |   .oo+ O.oo +   |
[   25.750643] cloud-init[948]: |    ...+.Bo + .  |
[   25.750837] cloud-init[948]: |       .S.oB .   |
[   25.751030] cloud-init[948]: |        o * o    |
[   25.751228] cloud-init[948]: |       . + o     |
[   25.751416] cloud-init[948]: |        o        |
[   25.751606] cloud-init[948]: |       .         |
[   25.751801] cloud-init[948]: +----[SHA256]-----+
[   25.751991] cloud-init[948]: Generating public/private dsa key pair.
[   25.752377] cloud-init[948]: Your identification has been saved in /etc/ssh/ssh_host_dsa_key.
[   25.752566] cloud-init[948]: Your public key has been saved in /etc/ssh/ssh_host_dsa_key.pub.
[   25.752757] cloud-init[948]: The key fingerprint is:
[   25.752947] cloud-init[948]: SHA256:qKY+o5dJbRgZwWRFUCdqqTGIfOH+bbt1rUMEHeIEy48 root@ubuntu-xenial
[   25.753159] cloud-init[948]: The key's randomart image is:
[   25.753341] cloud-init[948]: +---[DSA 1024]----+
[   25.753533] cloud-init[948]: | o=B= ...o...    |
[   25.753726] cloud-init[948]: |+.+o.o. +...     |
[   25.753919] cloud-init[948]: |=.+=   o ..      |
[   25.754146] cloud-init[948]: | ==    .o  .     |
[   25.754339] cloud-init[948]: |.  =  .ES..      |
[   25.754552] cloud-init[948]: |  o +..    ..    |
[   25.754753] cloud-init[948]: | . +o. o ... .   |
[   25.754944] cloud-init[948]: |  *o  . o ...    |
[   25.755190] cloud-init[948]: |.+oo   o.  ..    |
[   25.755376] cloud-init[948]: +----[SHA256]-----+
[   25.755568] cloud-init[948]: Generating public/private ecdsa key pair.
[   25.755760] cloud-init[948]: Your identification has been saved in /etc/ssh/ssh_host_ecdsa_key.
[   25.755952] cloud-init[948]: Your public key has been saved in /etc/ssh/ssh_host_ecdsa_key.pub.
[   25.756345] cloud-init[948]: The key fingerprint is:
[   25.756530] cloud-init[948]: SHA256:cFbni40ZurN9/EOPziU1pcTgAnYj2ikhKh1ktCNOpQU root@ubuntu-xenial
[   25.756721] cloud-init[948]: The key's randomart image is:
[   25.756912] cloud-init[948]: +---[ECDSA 256]---+
[   25.757110] cloud-init[948]: | E*o. . + + o    |
[   25.757294] cloud-init[948]: | o++ . = * = o   |
[   25.757486] cloud-init[948]: |oo=   + = o o o .|
[   25.757677] cloud-init[948]: |oo .   = . B o ..|
[   25.757870] cloud-init[948]: | .      S + o ...|
[   25.758077] cloud-init[948]: |         .    ...|
[   25.758263] cloud-init[948]: |        o  . ..o.|
[   25.758446] cloud-init[948]: |         +  o.oo.|
[   25.758638] cloud-init[948]: |        . .. o+. |
[   25.758833] cloud-init[948]: +----[SHA256]-----+
[   25.759047] cloud-init[948]: Generating public/private ed25519 key pair.
[   25.759235] cloud-init[948]: Your identification has been saved in /etc/ssh/ssh_host_ed25519_key.
[   25.759425] cloud-init[948]: Your public key has been saved in /etc/ssh/ssh_host_ed25519_key.pub.
[   25.759607] cloud-init[948]: The key fingerprint is:
[   25.759798] cloud-init[948]: SHA256:7xUrt88F8L6b4W4zlxKRIo3CUvz5/oHFtPap/Yi3ttc root@ubuntu-xenial
[   25.760070] cloud-init[948]: The key's randomart image is:
[   25.760243] cloud-init[948]: +--[ED25519 256]--+
[   25.760434] cloud-init[948]: |      .          |
[   25.760627] cloud-init[948]: |       o         |
[   25.760817] cloud-init[948]: |      o . + ...  |
[0;32m  OK  [0m] Reached target System Initialization.
[   25.770885] cloud-init[948]: |     . o = oo=.  |
[   26.844988] cloud-init[948]: |      . S o o=+  |
[   26.845355] cloud-init[948]: |         . .+=...|
[   26.845542] cloud-init[948]: |          +.+.+o+|
[   26.845741] cloud-init[948]: |         . = *XBE|
[   26.846129] cloud-init[948]: |          . +O&Xo|
[   26.846292] cloud-init[948]: +----[SHA256]-----+
[[0;32m  OK  [0m] Started ACPI Events Check.
[[0;32m  OK  [0m] Reached target Paths.
[[0;32m  OK  [0m] Started Daily Cleanup of Temporary Directories.
         Starting Socket activation for snappy daemon.
[[0;32m  OK  [0m] Listening on UUID daemon activation socket.
[[0;32m  OK  [0m] Started Daily apt download activities.
[[0;32m  OK  [0m] Started Daily apt upgrade and clean activities.
[[0;32m  OK  [0m] Listening on ACPID Listen Socket.
[[0;32m  OK  [0m] Listening on D-Bus System Message Bus Socket.
[[0;32m  OK  [0m] Started Message of the Day.
[[0;32m  OK  [0m] Reached target Timers.
         Starting LXD - unix socket.
[[0;32m  OK  [0m] Reached target Network is Online.
         Starting iSCSI initiator daemon (iscsid)...
[[0;32m  OK  [0m] Reached target Cloud-config availability.
[[0;32m  OK  [0m] Listening on Socket activation for snappy daemon.
[[0;32m  OK  [0m] Listening on LXD - unix socket.
[[0;32m  OK  [0m] Reached target Sockets.
[[0;32m  OK  [0m] Reached target Basic System.
         Starting System Logging Service...
         Starting LSB: Record successful boot for GRUB...
         Starting LXD - container startup/shutdown...
         Starting Virtualbox guest utils...
[[0;32m  OK  [0m] Started FUSE filesystem for LXC.
         Starting Pollinate to seed the pseudo random number generator...
         Starting Accounts Service...
[[0;32m  OK  [0m] Started Regular background program processing daemon.
[[0;32m  OK  [0m] Started D-Bus System Message Bus.
         Starting /etc/rc.local Compatibility...
         Starting LSB: MD monitoring daemon...
[[0;32m  OK  [0m] Started Deferred execution scheduler.
         Starting Login Service...
         Starting Snap Daemon...
[[0;32m  OK  [0m] Started ACPI event daemon.
[[0;32m  OK  [0m] Started System Logging Service.
[[0;32m  OK  [0m] Started iSCSI initiator daemon (iscsid).
[[0;32m  OK  [0m] Started LXD - container startup/shutdown.
[[0;32m  OK  [0m] Started /etc/rc.local Compatibility.
         Starting Authenticate and Authorize Users to Run Privileged Tasks...
         Starting Login to default iSCSI targets...
[[0;32m  OK  [0m] Started Pollinate to seed the pseudo random number generator.
[[0;32m  OK  [0m] Started LSB: Record successful boot for GRUB.
[[0;32m  OK  [0m] Started LSB: MD monitoring daemon.
[[0;32m  OK  [0m] Started Login Service.
[[0;32m  OK  [0m] Started Authenticate and Authorize Users to Run Privileged Tasks.
[[0;32m  OK  [0m] Started Virtualbox guest utils.
[[0;32m  OK  [0m] Started Accounts Service.
[[0;32m  OK  [0m] Started Unattended Upgrades Shutdown.
         Starting OpenBSD Secure Shell server...
[[0;32m  OK  [0m] Started Login to default iSCSI targets.
[[0;32m  OK  [0m] Started OpenBSD Secure Shell server.
[[0;32m  OK  [0m] Reached target Remote File Systems (Pre).
[[0;32m  OK  [0m] Reached target Remote File Systems.
         Starting LSB: Set the CPU Frequency Scaling governor to "ondemand"...
         Starting LSB: daemon to balance interrupts for SMP systems...
         Starting LSB: automatic crash report generation...
         Starting Permit User Sessions...
[[0;32m  OK  [0m] Started Snap Daemon.
[[0;32m  OK  [0m] Started Permit User Sessions.
         Starting Terminate Plymouth Boot Screen...
         Starting Hold until boot process finishes up...
         Starting Wait until snapd is fully seeded...
[[0;32m  OK  [0m] Started LSB: Set the CPU Frequency Scaling governor to "ondemand".
[[0;32m  OK  [0m] Started Terminate Plymouth Boot Screen.
[[0;32m  OK  [0m] Started Hold until boot process finishes up.
         Starting Set console scheme...
[[0;32m  OK  [0m] Started Serial Getty on ttyS0.
[[0;32m  OK  [0m] Started Getty on tty1.
[[0;32m  OK  [0m] Reached target Login Prompts.
[[0;32m  OK  [0m] Started LSB: daemon to balance interrupts for SMP systems.
[[0;32m  OK  [0m] Started LSB: automatic crash report generation.
[[0;32m  OK  [0m] Started Set console scheme.
[[0;32m  OK  [0m] Created slice User Slice of vagrant.
         Starting User Manager for UID 1000...
[[0;32m  OK  [0m] Started Session 1 of user vagrant.
[[0;32m  OK  [0m] Started User Manager for UID 1000.
[[0;32m  OK  [0m] Started Wait until snapd is fully seeded.
[[0;32m  OK  [0m] Reached target Multi-User System.
[[0;32m  OK  [0m] Reached target Graphical Interface.
         Starting Update UTMP about System Runlevel Changes...
         Starting Apply the settings specified in cloud-config...
[[0;32m  OK  [0m] Started Update UTMP about System Runlevel Changes.
[   29.709081] cloud-init[1374]: Generating locales (this might take a while)...
[   31.153602] cloud-init[1374]:   en_US.UTF-8... done
[   31.155841] cloud-init[1374]: Generation complete.
[   31.505835] cloud-init[1374]: Cloud-init v. 20.4.1-0ubuntu1~16.04.1 running 'modules:config' at Thu, 11 Mar 2021 13:45:28 +0000. Up 29.53 seconds.
[[0;32m  OK  [0m] Started Apply the settings specified in cloud-config.
         Starting Execute cloud user/final scripts...
         Stopping User Manager for UID 1000...
[[0;32m  OK  [0m] Stopped User Manager for UID 1000.
[[0;32m  OK  [0m] Removed slice User Slice of vagrant.
[[0;32m  OK  [0m] Created slice User Slice of vagrant.
         Starting User Manager for UID 1000...
[[0;32m  OK  [0m] Started Session 2 of user vagrant.
[[0;32m  OK  [0m] Started User Manager for UID 1000.
ci-info: no authorized SSH keys fingerprints found for user ubuntu.
<14>Mar 11 13:45:31 ec2: 
<14>Mar 11 13:45:31 ec2: #############################################################
<14>Mar 11 13:45:31 ec2: -----BEGIN SSH HOST KEY FINGERPRINTS-----
<14>Mar 11 13:45:31 ec2: 1024 SHA256:qKY+o5dJbRgZwWRFUCdqqTGIfOH+bbt1rUMEHeIEy48 root@ubuntu-xenial (DSA)
<14>Mar 11 13:45:31 ec2: 256 SHA256:cFbni40ZurN9/EOPziU1pcTgAnYj2ikhKh1ktCNOpQU root@ubuntu-xenial (ECDSA)
<14>Mar 11 13:45:31 ec2: 256 SHA256:7xUrt88F8L6b4W4zlxKRIo3CUvz5/oHFtPap/Yi3ttc root@ubuntu-xenial (ED25519)
<14>Mar 11 13:45:31 ec2: 2048 SHA256:YBi8VL9E0CsUWk1N5k4OOUwuFXMR1w6reTjiVlJzS2Q root@ubuntu-xenial (RSA)
<14>Mar 11 13:45:31 ec2: -----END SSH HOST KEY FINGERPRINTS-----
<14>Mar 11 13:45:31 ec2: #############################################################
-----BEGIN SSH HOST KEY KEYS-----
ecdsa-sha2-nistp256 AAAAE2VjZHNhLXNoYTItbmlzdHAyNTYAAAAIbmlzdHAyNTYAAABBBNWg1Cbqs6BbUdmhfzPW1jIjkmSSuMiFq5P6qUWp6bqIzDvR/7EB77zSWI/b1wo7/1qCLOACximWRrOahvGlxt4= root@ubuntu-xenial
ssh-ed25519 AAAAC3NzaC1lZDI1NTE5AAAAIKHSzu/8QZ0F6QVaSJcAO+YJVRGjRwMekgXVoOlNNbEa root@ubuntu-xenial
ssh-rsa AAAAB3NzaC1yc2EAAAADAQABAAABAQCRsDQGSO1gzngULeUwD5gn+HZFK7zM5btnwhxoLuE7LwY9A3p7yTolZq57ACoSXrhmqmf5a2JuKLETHyHlioogkmIPovZ6PrQ5ZPCu5yJrJucnLShE1pdyd1C6+MOFQ5IWberpvLVG9YpnIQxR0PGoCIjuKH9vDDrimkSKniZtIZm2akQofGC4WiZ0J7F+LdWpy+QLdcbKQilxGJUZL29u5QWlnu2wyLHHDDIalHMTrkH2GSUU1BQaW8hN9F06S9D25rtETI4QMHZ7UFPGTvrxz+iTy2zwlohi1DNIVl40jvHP/5ejNSpsgIEFup/ulo+V4fZz6qabAVkPoJAcqq8X root@ubuntu-xenial
-----END SSH HOST KEY KEYS-----
[   32.903623] cloud-init[1540]: Cloud-init v. 20.4.1-0ubuntu1~16.04.1 running 'modules:final' at Thu, 11 Mar 2021 13:45:31 +0000. Up 32.07 seconds.
[   32.925951] [   32.926815] cloud-init[1540]: Cloud-init v. 20.4.1-0ubuntu1~16.04.1 finished at Thu, 11 Mar 2021 13:45:32 +0000. Datasource DataSourceNoCloud [seed=/dev/sdb][dsmode=net].  Up 32.89 seconds

Ubuntu 16.04.7 LTS ubuntu-xenial ttyS0

ubuntu-xenial login: 